<?xml version="1.0" encoding="UTF-8"?>
<testsuites>
  <testsuite name="" tests="10" assertions="26" failures="0" errors="0" time="2.990773">
    <testsuite name="Moar\Net\Http\RequestTest" file="/home/travis/build/bd808/moar-net-http/test/suite/Moar/Net/Http/RequestTest.php" namespace="Moar\Net\Http" fullPackage="Moar" package="Moar" tests="9" assertions="23" failures="0" errors="0" time="2.985341">
      <testcase name="test_basic_get" class="Moar\Net\Http\RequestTest" file="/home/travis/build/bd808/moar-net-http/test/suite/Moar/Net/Http/RequestTest.php" line="13" assertions="3" time="0.521818"/>
      <testcase name="test_parallel" class="Moar\Net\Http\RequestTest" file="/home/travis/build/bd808/moar-net-http/test/suite/Moar/Net/Http/RequestTest.php" line="26" assertions="10" time="0.742888"/>
      <testcase name="test_postcontent" class="Moar\Net\Http\RequestTest" file="/home/travis/build/bd808/moar-net-http/test/suite/Moar/Net/Http/RequestTest.php" line="45" assertions="2" time="0.549863"/>
      <testcase name="test_malformed_url" class="Moar\Net\Http\RequestTest" file="/home/travis/build/bd808/moar-net-http/test/suite/Moar/Net/Http/RequestTest.php" line="59" assertions="1" time="0.016444"/>
      <testcase name="test_dns_failure" class="Moar\Net\Http\RequestTest" file="/home/travis/build/bd808/moar-net-http/test/suite/Moar/Net/Http/RequestTest.php" line="67" assertions="1" time="0.312361"/>
      <testcase name="test_connect_failure" class="Moar\Net\Http\RequestTest" file="/home/travis/build/bd808/moar-net-http/test/suite/Moar/Net/Http/RequestTest.php" line="75" assertions="1" time="0.006491"/>
      <testcase name="test_get_404" class="Moar\Net\Http\RequestTest" file="/home/travis/build/bd808/moar-net-http/test/suite/Moar/Net/Http/RequestTest.php" line="84" assertions="2" time="0.272622"/>
      <testcase name="test_operation_timeout" class="Moar\Net\Http\RequestTest" file="/home/travis/build/bd808/moar-net-http/test/suite/Moar/Net/Http/RequestTest.php" line="92" assertions="1" time="0.506302"/>
      <testcase name="test_too_many_redirects" class="Moar\Net\Http\RequestTest" file="/home/travis/build/bd808/moar-net-http/test/suite/Moar/Net/Http/RequestTest.php" line="102" assertions="2" time="0.056552"/>
    </testsuite>
    <testsuite name="Moar\Net\Http\UtilTest" file="/home/travis/build/bd808/moar-net-http/test/suite/Moar/Net/Http/UtilTest.php" namespace="Moar\Net\Http" fullPackage="Moar" package="Moar" tests="1" assertions="3" failures="0" errors="0" time="0.005432">
      <testcase name="test_params_are_added_before_fragment" class="Moar\Net\Http\UtilTest" file="/home/travis/build/bd808/moar-net-http/test/suite/Moar/Net/Http/UtilTest.php" line="13" assertions="3" time="0.005432"/>
    </testsuite>
  </testsuite>
</testsuites>
